<?xml version="1.0" encoding="UTF-8"?>
<testsuite name="org.uva.sea.ql.evaluator.FormEvaluatorTest" tests="4" skipped="0" failures="0" errors="0" timestamp="2016-03-17T10:27:11" hostname="rdewildt-desktop" time="0.009">
  <properties/>
  <testcase name="FormEvaluatorTest1" classname="org.uva.sea.ql.evaluator.FormEvaluatorTest" time="0.005"/>
  <testcase name="FormEvaluatorTest2" classname="org.uva.sea.ql.evaluator.FormEvaluatorTest" time="0.001"/>
  <testcase name="FormEvaluatorTest3" classname="org.uva.sea.ql.evaluator.FormEvaluatorTest" time="0.002"/>
  <testcase name="FormEvaluatorTest4" classname="org.uva.sea.ql.evaluator.FormEvaluatorTest" time="0.001"/>
  <system-out><![CDATA[]]></system-out>
  <system-err><![CDATA[]]></system-err>
</testsuite>
