<?xml version="1.0" encoding="UTF-8"?>
<testsuite name="org.uva.sea.ql.ast.checker.CheckerTest" tests="7" skipped="0" failures="0" errors="0" timestamp="2016-02-28T13:14:04" hostname="RdW-PC" time="0.077">
  <properties/>
  <testcase name="UndefinedVarsCheckerTest1" classname="org.uva.sea.ql.ast.checker.CheckerTest" time="0.049"/>
  <testcase name="CyclicQuestionsCheckerTest1" classname="org.uva.sea.ql.ast.checker.CheckerTest" time="0.003"/>
  <testcase name="DuplicateQuestionLabelsCheckerTest1" classname="org.uva.sea.ql.ast.checker.CheckerTest" time="0.001"/>
  <testcase name="DuplicateCheckerTest1" classname="org.uva.sea.ql.ast.checker.CheckerTest" time="0.001"/>
  <testcase name="InvalidExpressionCheckerTest1" classname="org.uva.sea.ql.ast.checker.CheckerTest" time="0.009"/>
  <testcase name="InvalidExpressionCheckerTest2" classname="org.uva.sea.ql.ast.checker.CheckerTest" time="0.01"/>
  <testcase name="InvalidConditionCheckerTest1" classname="org.uva.sea.ql.ast.checker.CheckerTest" time="0.002"/>
  <system-out><![CDATA[]]></system-out>
  <system-err><![CDATA[]]></system-err>
</testsuite>
