<?xml version="1.0" encoding="UTF-8"?>
<testsuite name="org.uva.sea.ql.evaluator.FormEvaluatorTest" tests="4" skipped="0" failures="0" errors="0" timestamp="2016-03-09T12:19:15" hostname="wcw-stud-145-109-26-181.wireless.uva.nl" time="0.071">
  <properties/>
  <testcase name="FormEvaluatorTest1" classname="org.uva.sea.ql.evaluator.FormEvaluatorTest" time="0.025"/>
  <testcase name="FormEvaluatorTest2" classname="org.uva.sea.ql.evaluator.FormEvaluatorTest" time="0.003"/>
  <testcase name="FormEvaluatorTest3" classname="org.uva.sea.ql.evaluator.FormEvaluatorTest" time="0.014"/>
  <testcase name="FormEvaluatorTest4" classname="org.uva.sea.ql.evaluator.FormEvaluatorTest" time="0.017"/>
  <system-out><![CDATA[]]></system-out>
  <system-err><![CDATA[]]></system-err>
</testsuite>
