<?xml version="1.0" encoding="UTF-8"?>
<testsuite name="org.uva.sea.ql.ast.checker.CheckerTest" tests="5" skipped="0" failures="0" errors="0" timestamp="2016-02-17T15:38:36" hostname="wcw-stud-145-109-25-181.wireless.uva.nl" time="0.21">
  <properties/>
  <testcase name="UndefinedVarsCheckerTest1" classname="org.uva.sea.ql.ast.checker.CheckerTest" time="0.1"/>
  <testcase name="DuplicateCheckerTest1" classname="org.uva.sea.ql.ast.checker.CheckerTest" time="0.002"/>
  <testcase name="InvalidExpressionCheckerTest1" classname="org.uva.sea.ql.ast.checker.CheckerTest" time="0.045"/>
  <testcase name="InvalidExpressionCheckerTest2" classname="org.uva.sea.ql.ast.checker.CheckerTest" time="0.04"/>
  <testcase name="InvalidConditionCheckerTest1" classname="org.uva.sea.ql.ast.checker.CheckerTest" time="0.02"/>
  <system-out><![CDATA[]]></system-out>
  <system-err><![CDATA[]]></system-err>
</testsuite>
