<?xml version="1.0" encoding="UTF-8"?>
<testsuite name="org.uva.sea.ql.evaluator.FormEvaluatorTest" tests="4" skipped="0" failures="0" errors="0" timestamp="2016-03-16T10:10:14" hostname="wcw-stud-145-109-25-81.wireless.uva.nl" time="0.05">
  <properties/>
  <testcase name="FormEvaluatorTest1" classname="org.uva.sea.ql.evaluator.FormEvaluatorTest" time="0.007"/>
  <testcase name="FormEvaluatorTest2" classname="org.uva.sea.ql.evaluator.FormEvaluatorTest" time="0.014"/>
  <testcase name="FormEvaluatorTest3" classname="org.uva.sea.ql.evaluator.FormEvaluatorTest" time="0.016"/>
  <testcase name="FormEvaluatorTest4" classname="org.uva.sea.ql.evaluator.FormEvaluatorTest" time="0.005"/>
  <system-out><![CDATA[]]></system-out>
  <system-err><![CDATA[]]></system-err>
</testsuite>
