<?xml version="1.0" encoding="UTF-8"?>
<testsuite name="org.uva.sea.ql.ast.checker.CheckerTest" tests="7" skipped="0" failures="0" errors="0" timestamp="2016-03-16T10:10:14" hostname="wcw-stud-145-109-25-81.wireless.uva.nl" time="0.311">
  <properties/>
  <testcase name="UndefinedVarsCheckerTest1" classname="org.uva.sea.ql.ast.checker.CheckerTest" time="0.12"/>
  <testcase name="CyclicQuestionsCheckerTest1" classname="org.uva.sea.ql.ast.checker.CheckerTest" time="0.008"/>
  <testcase name="DuplicateQuestionLabelsCheckerTest1" classname="org.uva.sea.ql.ast.checker.CheckerTest" time="0.003"/>
  <testcase name="DuplicateCheckerTest1" classname="org.uva.sea.ql.ast.checker.CheckerTest" time="0.003"/>
  <testcase name="InvalidExpressionCheckerTest1" classname="org.uva.sea.ql.ast.checker.CheckerTest" time="0.027"/>
  <testcase name="InvalidExpressionCheckerTest2" classname="org.uva.sea.ql.ast.checker.CheckerTest" time="0.146"/>
  <testcase name="InvalidConditionCheckerTest1" classname="org.uva.sea.ql.ast.checker.CheckerTest" time="0.003"/>
  <system-out><![CDATA[]]></system-out>
  <system-err><![CDATA[]]></system-err>
</testsuite>
